INFO __main__ - 2018-02-06 15:16:35,323 - Logger - <module> - 35 : Haluk
WARNING __main__ - 2018-02-06 15:16:35,327 - Logger - <module> - 36 : Haluk
ERROR __main__ - 2018-02-06 15:16:35,332 - Logger - <module> - 37 : Haluk
INFO root - 2018-02-06 15:53:10,985 - Logger - info - 65 : Haluk
WARNING root - 2018-02-06 15:53:10,991 - Logger - warnning - 68 : Haluk
ERROR root - 2018-02-06 15:53:10,995 - Logger - error - 71 : Haluk
INFO root - 2018-02-06 15:53:22,176 - Logger - info - 65 : Haluk
WARNING root - 2018-02-06 15:53:22,183 - Logger - warnning - 68 : Haluk
ERROR root - 2018-02-06 15:53:22,188 - Logger - error - 71 : Haluk
INFO root - 2018-02-06 15:54:38,202 - Logger - info - 65 : Haluk
WARNING root - 2018-02-06 15:54:38,206 - Logger - warnning - 68 : Haluk
ERROR root - 2018-02-06 15:54:38,212 - Logger - error - 71 : Haluk
INFO root - 2018-02-06 15:54:55,984 - Logger - info - 65 : Haluk
WARNING root - 2018-02-06 15:54:55,988 - Logger - warnning - 68 : Haluk
ERROR root - 2018-02-06 15:54:55,990 - Logger - error - 71 : Haluk
INFO root - 2018-02-06 16:01:58,538 - Logger - info - 65 : Haluk
WARNING root - 2018-02-06 16:01:58,540 - Logger - warnning - 68 : Haluk
ERROR root - 2018-02-06 16:01:58,542 - Logger - error - 71 : Haluk
INFO root - 2018-02-06 16:02:51,782 - Logger - info - 65 : Haluk
WARNING root - 2018-02-06 16:02:51,784 - Logger - warnning - 68 : Haluk
ERROR root - 2018-02-06 16:02:51,787 - Logger - error - 71 : Haluk
INFO root - 2018-02-06 16:25:40,956 - Logger - info - 65 : listening on 1000
INFO root - 2018-02-06 16:25:40,970 - Logger - info - 65 : listening on 1001
INFO root - 2018-02-06 16:25:40,994 - Logger - info - 65 : listening on 1002
INFO root - 2018-02-06 16:25:41,006 - Logger - info - 65 : listening on 1003
INFO root - 2018-02-06 16:25:41,030 - Logger - info - 65 : listening on 1004
INFO root - 2018-02-06 16:25:41,045 - Logger - info - 65 : listening on 1005
INFO root - 2018-02-06 16:25:41,056 - Logger - info - 65 : listening on 1006
INFO root - 2018-02-06 16:25:41,080 - Logger - info - 65 : listening on 1007
INFO root - 2018-02-06 16:25:41,096 - Logger - info - 65 : listening on 1008
INFO root - 2018-02-06 16:25:41,117 - Logger - info - 65 : listening on 1009
INFO root - 2018-02-06 16:25:41,138 - Logger - info - 65 : listening on 1010
INFO root - 2018-02-06 16:25:41,156 - Logger - info - 65 : listening on 1011
INFO root - 2018-02-06 16:25:41,173 - Logger - info - 65 : listening on 1012
INFO root - 2018-02-06 16:25:41,193 - Logger - info - 65 : listening on 1013
INFO root - 2018-02-06 16:25:41,209 - Logger - info - 65 : listening on 1014
INFO root - 2018-02-06 16:25:41,221 - Logger - info - 65 : listening on 1015
INFO root - 2018-02-06 16:25:41,244 - Logger - info - 65 : listening on 1016
INFO root - 2018-02-06 16:25:41,262 - Logger - info - 65 : listening on 1017
INFO root - 2018-02-06 16:25:41,278 - Logger - info - 65 : listening on 1018
INFO root - 2018-02-06 16:25:41,298 - Logger - info - 65 : listening on 1019
INFO root - 2018-02-06 16:25:41,308 - Logger - info - 65 : listening on 1020
INFO root - 2018-02-06 16:25:41,335 - Logger - info - 65 : listening on 1021
INFO root - 2018-02-06 16:25:41,346 - Logger - info - 65 : listening on 1022
INFO root - 2018-02-06 16:25:41,369 - Logger - info - 65 : listening on 1023
INFO root - 2018-02-06 16:25:41,392 - Logger - info - 65 : listening on 1024
INFO root - 2018-02-06 16:25:41,409 - Logger - info - 65 : listening on 1025
INFO root - 2018-02-06 16:25:41,427 - Logger - info - 65 : listening on 1026
INFO root - 2018-02-06 16:25:41,445 - Logger - info - 65 : listening on 1027
INFO root - 2018-02-06 16:25:41,458 - Logger - info - 65 : listening on 1028
INFO root - 2018-02-06 16:25:41,484 - Logger - info - 65 : listening on 1029
INFO root - 2018-02-06 16:25:41,501 - Logger - info - 65 : listening on 1030
INFO root - 2018-02-06 16:25:41,519 - Logger - info - 65 : listening on 1031
INFO root - 2018-02-06 16:25:41,538 - Logger - info - 65 : listening on 1032
INFO root - 2018-02-06 16:25:41,554 - Logger - info - 65 : listening on 1033
INFO root - 2018-02-06 16:25:41,571 - Logger - info - 65 : listening on 1034
INFO root - 2018-02-06 16:25:41,590 - Logger - info - 65 : listening on 1035
INFO root - 2018-02-06 16:25:41,606 - Logger - info - 65 : listening on 1036
INFO root - 2018-02-06 16:25:41,623 - Logger - info - 65 : listening on 1037
INFO root - 2018-02-06 16:25:41,641 - Logger - info - 65 : listening on 1038
INFO root - 2018-02-06 16:25:41,663 - Logger - info - 65 : listening on 1039
INFO root - 2018-02-06 16:25:41,681 - Logger - info - 65 : listening on 1040
INFO root - 2018-02-06 16:25:41,698 - Logger - info - 65 : listening on 1041
INFO root - 2018-02-06 16:25:41,716 - Logger - info - 65 : listening on 1042
INFO root - 2018-02-06 16:25:41,729 - Logger - info - 65 : listening on 1043
INFO root - 2018-02-06 16:25:41,759 - Logger - info - 65 : listening on 1044
INFO root - 2018-02-06 16:25:41,785 - Logger - info - 65 : listening on 1045
INFO root - 2018-02-06 16:25:41,804 - Logger - info - 65 : listening on 1046
INFO root - 2018-02-06 16:25:41,826 - Logger - info - 65 : listening on 1047
INFO root - 2018-02-06 16:25:41,844 - Logger - info - 65 : listening on 1048
INFO root - 2018-02-06 16:25:41,868 - Logger - info - 65 : listening on 1049
INFO root - 2018-02-06 16:25:41,888 - Logger - info - 65 : listening on 1050
INFO root - 2018-02-06 16:25:41,902 - Logger - info - 65 : listening on 1051
INFO root - 2018-02-06 16:25:41,935 - Logger - info - 65 : listening on 1052
INFO root - 2018-02-06 16:25:41,962 - Logger - info - 65 : listening on 1053
INFO root - 2018-02-06 16:25:41,991 - Logger - info - 65 : listening on 1054
INFO root - 2018-02-06 16:25:42,019 - Logger - info - 65 : listening on 1055
INFO root - 2018-02-06 16:25:42,033 - Logger - info - 65 : listening on 1056
INFO root - 2018-02-06 16:25:42,068 - Logger - info - 65 : listening on 1057
INFO root - 2018-02-06 16:25:42,091 - Logger - info - 65 : listening on 1058
INFO root - 2018-02-06 16:25:42,116 - Logger - info - 65 : listening on 1059
INFO root - 2018-02-06 16:25:42,133 - Logger - info - 65 : listening on 1060
INFO root - 2018-02-06 16:25:42,159 - Logger - info - 65 : listening on 1061
INFO root - 2018-02-06 16:25:42,180 - Logger - info - 65 : listening on 1062
INFO root - 2018-02-06 16:25:42,209 - Logger - info - 65 : listening on 1063
INFO root - 2018-02-06 16:25:42,222 - Logger - info - 65 : listening on 1064
INFO root - 2018-02-06 16:25:42,251 - Logger - info - 65 : listening on 1065
INFO root - 2018-02-06 16:25:42,272 - Logger - info - 65 : listening on 1066
INFO root - 2018-02-06 16:25:42,291 - Logger - info - 65 : listening on 1067
INFO root - 2018-02-06 16:25:42,316 - Logger - info - 65 : listening on 1068
INFO root - 2018-02-06 16:25:42,349 - Logger - info - 65 : listening on 1069
INFO root - 2018-02-06 16:25:42,438 - Logger - info - 65 : listening on 1070
INFO root - 2018-02-06 16:25:42,507 - Logger - info - 65 : listening on 1071
INFO root - 2018-02-06 16:25:42,564 - Logger - info - 65 : listening on 1072
INFO root - 2018-02-06 16:25:42,588 - Logger - info - 65 : listening on 1073
INFO root - 2018-02-06 16:25:42,638 - Logger - info - 65 : listening on 1074
INFO root - 2018-02-06 16:25:42,659 - Logger - info - 65 : listening on 1075
INFO root - 2018-02-06 16:25:42,699 - Logger - info - 65 : listening on 1076
INFO root - 2018-02-06 16:25:42,742 - Logger - info - 65 : listening on 1077
INFO root - 2018-02-06 16:25:42,797 - Logger - info - 65 : listening on 1078
INFO root - 2018-02-06 16:25:42,817 - Logger - info - 65 : listening on 1079
INFO root - 2018-02-06 16:25:42,845 - Logger - info - 65 : listening on 1080
INFO root - 2018-02-06 16:25:42,866 - Logger - info - 65 : listening on 1081
INFO root - 2018-02-06 16:25:42,898 - Logger - info - 65 : listening on 1082
INFO root - 2018-02-06 16:25:42,917 - Logger - info - 65 : listening on 1083
INFO root - 2018-02-06 16:25:42,935 - Logger - info - 65 : listening on 1084
INFO root - 2018-02-06 16:25:42,950 - Logger - info - 65 : listening on 1085
INFO root - 2018-02-06 16:25:42,972 - Logger - info - 65 : listening on 1086
INFO root - 2018-02-06 16:25:42,988 - Logger - info - 65 : listening on 1087
INFO root - 2018-02-06 16:25:43,008 - Logger - info - 65 : listening on 1088
INFO root - 2018-02-06 16:25:43,031 - Logger - info - 65 : listening on 1089
INFO root - 2018-02-06 16:25:43,047 - Logger - info - 65 : listening on 1090
INFO root - 2018-02-06 16:25:43,066 - Logger - info - 65 : listening on 1091
INFO root - 2018-02-06 16:25:43,084 - Logger - info - 65 : listening on 1092
INFO root - 2018-02-06 16:25:43,105 - Logger - info - 65 : listening on 1093
INFO root - 2018-02-06 16:25:43,120 - Logger - info - 65 : listening on 1094
INFO root - 2018-02-06 16:25:43,140 - Logger - info - 65 : listening on 1095
INFO root - 2018-02-06 16:25:43,159 - Logger - info - 65 : listening on 1096
INFO root - 2018-02-06 16:25:43,178 - Logger - info - 65 : listening on 1097
INFO root - 2018-02-06 16:25:43,194 - Logger - info - 65 : listening on 1098
INFO root - 2018-02-06 16:25:43,211 - Logger - info - 65 : listening on 1099
INFO root - 2018-02-06 16:25:43,230 - Logger - info - 65 : listening on 1100
INFO root - 2018-02-06 16:25:43,250 - Logger - info - 65 : listening on 1101
INFO root - 2018-02-06 16:25:43,267 - Logger - info - 65 : listening on 1102
INFO root - 2018-02-06 16:25:43,284 - Logger - info - 65 : listening on 1103
INFO root - 2018-02-06 16:25:43,323 - Logger - info - 65 : listening on 1105
INFO root - 2018-02-06 16:25:43,338 - Logger - info - 65 : listening on 1106
INFO root - 2018-02-06 16:25:43,355 - Logger - info - 65 : listening on 1107
INFO root - 2018-02-06 16:25:43,375 - Logger - info - 65 : listening on 1108
INFO root - 2018-02-06 16:25:43,394 - Logger - info - 65 : listening on 1109
INFO root - 2018-02-06 16:25:43,410 - Logger - info - 65 : listening on 1110
INFO root - 2018-02-06 16:25:43,427 - Logger - info - 65 : listening on 1111
INFO root - 2018-02-06 16:25:43,447 - Logger - info - 65 : listening on 1112
INFO root - 2018-02-06 16:25:43,462 - Logger - info - 65 : listening on 1113
INFO root - 2018-02-06 16:25:43,483 - Logger - info - 65 : listening on 1114
INFO root - 2018-02-06 16:25:43,503 - Logger - info - 65 : listening on 1115
INFO root - 2018-02-06 16:25:43,521 - Logger - info - 65 : listening on 1116
INFO root - 2018-02-06 16:25:43,537 - Logger - info - 65 : listening on 1117
INFO root - 2018-02-06 16:25:43,552 - Logger - info - 65 : listening on 1118
INFO root - 2018-02-06 16:25:43,577 - Logger - info - 65 : listening on 1119
INFO root - 2018-02-06 16:25:43,596 - Logger - info - 65 : listening on 1120
INFO root - 2018-02-06 16:25:43,612 - Logger - info - 65 : listening on 1121
INFO root - 2018-02-06 16:25:43,632 - Logger - info - 65 : listening on 1122
INFO root - 2018-02-06 16:25:43,650 - Logger - info - 65 : listening on 1123
INFO root - 2018-02-06 16:25:43,669 - Logger - info - 65 : listening on 1124
INFO root - 2018-02-06 16:25:43,687 - Logger - info - 65 : listening on 1125
INFO root - 2018-02-06 16:25:43,705 - Logger - info - 65 : listening on 1126
INFO root - 2018-02-06 16:25:43,725 - Logger - info - 65 : listening on 1127
INFO root - 2018-02-06 16:25:43,739 - Logger - info - 65 : listening on 1128
INFO root - 2018-02-06 16:25:43,759 - Logger - info - 65 : listening on 1129
INFO root - 2018-02-06 16:25:43,780 - Logger - info - 65 : listening on 1130
INFO root - 2018-02-06 16:25:43,797 - Logger - info - 65 : listening on 1131
INFO root - 2018-02-06 16:25:43,812 - Logger - info - 65 : listening on 1132
INFO root - 2018-02-06 16:25:43,834 - Logger - info - 65 : listening on 1133
INFO root - 2018-02-06 16:25:43,855 - Logger - info - 65 : listening on 1134
INFO root - 2018-02-06 16:25:43,869 - Logger - info - 65 : listening on 1135
INFO root - 2018-02-06 16:25:43,881 - Logger - info - 65 : listening on 1136
INFO root - 2018-02-06 16:25:43,909 - Logger - info - 65 : listening on 1137
INFO root - 2018-02-06 16:25:43,927 - Logger - info - 65 : listening on 1138
INFO root - 2018-02-06 16:25:43,946 - Logger - info - 65 : listening on 1139
INFO root - 2018-02-06 16:25:43,966 - Logger - info - 65 : listening on 1140
INFO root - 2018-02-06 16:25:43,981 - Logger - info - 65 : listening on 1141
INFO root - 2018-02-06 16:25:43,998 - Logger - info - 65 : listening on 1142
INFO root - 2018-02-06 16:25:44,014 - Logger - info - 65 : listening on 1143
INFO root - 2018-02-06 16:25:44,037 - Logger - info - 65 : listening on 1144
INFO root - 2018-02-06 16:25:44,054 - Logger - info - 65 : listening on 1145
INFO root - 2018-02-06 16:25:44,071 - Logger - info - 65 : listening on 1146
INFO root - 2018-02-06 16:25:44,088 - Logger - info - 65 : listening on 1147
INFO root - 2018-02-06 16:25:44,106 - Logger - info - 65 : listening on 1148
INFO root - 2018-02-06 16:25:44,125 - Logger - info - 65 : listening on 1149
INFO root - 2018-02-06 16:25:44,144 - Logger - info - 65 : listening on 1150
INFO root - 2018-02-06 16:25:44,167 - Logger - info - 65 : listening on 1151
INFO root - 2018-02-06 16:25:44,184 - Logger - info - 65 : listening on 1152
INFO root - 2018-02-06 16:25:44,201 - Logger - info - 65 : listening on 1153
INFO root - 2018-02-06 16:25:44,222 - Logger - info - 65 : listening on 1154
INFO root - 2018-02-06 16:25:44,239 - Logger - info - 65 : listening on 1155
INFO root - 2018-02-06 16:25:44,258 - Logger - info - 65 : listening on 1156
INFO root - 2018-02-06 16:25:44,270 - Logger - info - 65 : listening on 1157
INFO root - 2018-02-06 16:25:44,296 - Logger - info - 65 : listening on 1158
INFO root - 2018-02-06 16:25:44,312 - Logger - info - 65 : listening on 1159
INFO root - 2018-02-06 16:25:44,329 - Logger - info - 65 : listening on 1160
INFO root - 2018-02-06 16:25:44,345 - Logger - info - 65 : listening on 1161
INFO root - 2018-02-06 16:25:44,360 - Logger - info - 65 : listening on 1162
INFO root - 2018-02-06 16:25:44,381 - Logger - info - 65 : listening on 1163
INFO root - 2018-02-06 16:25:44,402 - Logger - info - 65 : listening on 1164
INFO root - 2018-02-06 16:25:44,420 - Logger - info - 65 : listening on 1165
INFO root - 2018-02-06 16:25:44,438 - Logger - info - 65 : listening on 1166
INFO root - 2018-02-06 16:25:44,455 - Logger - info - 65 : listening on 1167
INFO root - 2018-02-06 16:25:44,470 - Logger - info - 65 : listening on 1168
INFO root - 2018-02-06 16:25:44,496 - Logger - info - 65 : listening on 1169
INFO root - 2018-02-06 16:25:44,510 - Logger - info - 65 : listening on 1170
INFO root - 2018-02-06 16:25:44,524 - Logger - info - 65 : listening on 1171
INFO root - 2018-02-06 16:25:44,544 - Logger - info - 65 : listening on 1172
INFO root - 2018-02-06 16:25:44,563 - Logger - info - 65 : listening on 1173
INFO root - 2018-02-06 16:25:44,582 - Logger - info - 65 : listening on 1174
INFO root - 2018-02-06 16:25:44,601 - Logger - info - 65 : listening on 1175
INFO root - 2018-02-06 16:25:44,618 - Logger - info - 65 : listening on 1176
INFO root - 2018-02-06 16:25:44,637 - Logger - info - 65 : listening on 1177
INFO root - 2018-02-06 16:25:44,656 - Logger - info - 65 : listening on 1178
INFO root - 2018-02-06 16:25:44,673 - Logger - info - 65 : listening on 1179
INFO root - 2018-02-06 16:25:44,684 - Logger - info - 65 : listening on 1180
INFO root - 2018-02-06 16:25:44,710 - Logger - info - 65 : listening on 1181
INFO root - 2018-02-06 16:25:44,722 - Logger - info - 65 : listening on 1182
INFO root - 2018-02-06 16:25:44,745 - Logger - info - 65 : listening on 1183
INFO root - 2018-02-06 16:25:44,766 - Logger - info - 65 : listening on 1184
INFO root - 2018-02-06 16:25:44,842 - Logger - info - 65 : listening on 1185
INFO root - 2018-02-06 16:25:44,948 - Logger - info - 65 : listening on 1186
INFO root - 2018-02-06 16:25:44,988 - Logger - info - 65 : listening on 1187
INFO root - 2018-02-06 16:25:45,021 - Logger - info - 65 : listening on 1188
INFO root - 2018-02-06 16:25:45,055 - Logger - info - 65 : listening on 1189
INFO root - 2018-02-06 16:25:45,077 - Logger - info - 65 : listening on 1190
INFO root - 2018-02-06 16:25:45,095 - Logger - info - 65 : listening on 1191
INFO root - 2018-02-06 16:25:45,115 - Logger - info - 65 : listening on 1192
INFO root - 2018-02-06 16:25:45,146 - Logger - info - 65 : listening on 1193
INFO root - 2018-02-06 16:25:45,176 - Logger - info - 65 : listening on 1194
INFO root - 2018-02-06 16:25:45,194 - Logger - info - 65 : listening on 1195
INFO root - 2018-02-06 16:25:45,217 - Logger - info - 65 : listening on 1196
INFO root - 2018-02-06 16:25:45,243 - Logger - info - 65 : listening on 1197
INFO root - 2018-02-06 16:25:45,271 - Logger - info - 65 : listening on 1198
INFO root - 2018-02-06 16:25:45,294 - Logger - info - 65 : listening on 1199
INFO root - 2018-02-06 16:25:45,310 - Logger - info - 65 : listening on 1200
INFO root - 2018-02-06 16:25:45,326 - Logger - info - 65 : listening on 1201
INFO root - 2018-02-06 16:25:45,339 - Logger - info - 65 : listening on 1202
INFO root - 2018-02-06 16:25:45,370 - Logger - info - 65 : listening on 1203
INFO root - 2018-02-06 16:25:45,381 - Logger - info - 65 : listening on 1204
INFO root - 2018-02-06 16:25:45,404 - Logger - info - 65 : listening on 1205
INFO root - 2018-02-06 16:25:45,423 - Logger - info - 65 : listening on 1206
INFO root - 2018-02-06 16:25:45,439 - Logger - info - 65 : listening on 1207
INFO root - 2018-02-06 16:25:45,457 - Logger - info - 65 : listening on 1208
INFO root - 2018-02-06 16:25:45,473 - Logger - info - 65 : listening on 1209
INFO root - 2018-02-06 16:25:45,493 - Logger - info - 65 : listening on 1210
INFO root - 2018-02-06 16:25:45,510 - Logger - info - 65 : listening on 1211
INFO root - 2018-02-06 16:25:45,527 - Logger - info - 65 : listening on 1212
INFO root - 2018-02-06 16:25:45,549 - Logger - info - 65 : listening on 1213
INFO root - 2018-02-06 16:25:45,571 - Logger - info - 65 : listening on 1214
INFO root - 2018-02-06 16:25:45,588 - Logger - info - 65 : listening on 1215
INFO root - 2018-02-06 16:25:45,604 - Logger - info - 65 : listening on 1216
INFO root - 2018-02-06 16:25:45,623 - Logger - info - 65 : listening on 1217
INFO root - 2018-02-06 16:25:45,646 - Logger - info - 65 : listening on 1218
INFO root - 2018-02-06 16:25:45,663 - Logger - info - 65 : listening on 1219
INFO root - 2018-02-06 16:25:45,685 - Logger - info - 65 : listening on 1220
INFO root - 2018-02-06 16:25:45,700 - Logger - info - 65 : listening on 1221
INFO root - 2018-02-06 16:25:45,715 - Logger - info - 65 : listening on 1222
INFO root - 2018-02-06 16:25:45,736 - Logger - info - 65 : listening on 1223
INFO root - 2018-02-06 16:25:45,753 - Logger - info - 65 : listening on 1224
INFO root - 2018-02-06 16:25:45,770 - Logger - info - 65 : listening on 1225
INFO root - 2018-02-06 16:25:45,792 - Logger - info - 65 : listening on 1226
INFO root - 2018-02-06 16:25:45,816 - Logger - info - 65 : listening on 1227
INFO root - 2018-02-06 16:25:45,833 - Logger - info - 65 : listening on 1228
INFO root - 2018-02-06 16:25:45,843 - Logger - info - 65 : listening on 1229
INFO root - 2018-02-06 16:25:45,867 - Logger - info - 65 : listening on 1230
INFO root - 2018-02-06 16:25:45,891 - Logger - info - 65 : listening on 1231
INFO root - 2018-02-06 16:25:45,913 - Logger - info - 65 : listening on 1232
INFO root - 2018-02-06 16:25:45,943 - Logger - info - 65 : listening on 1233
INFO root - 2018-02-06 16:25:45,964 - Logger - info - 65 : listening on 1234
INFO root - 2018-02-06 16:25:45,978 - Logger - info - 65 : listening on 1235
INFO root - 2018-02-06 16:25:46,012 - Logger - info - 65 : listening on 1236
INFO root - 2018-02-06 16:25:46,027 - Logger - info - 65 : listening on 1237
INFO root - 2018-02-06 16:25:46,048 - Logger - info - 65 : listening on 1238
INFO root - 2018-02-06 16:25:46,069 - Logger - info - 65 : listening on 1239
INFO root - 2018-02-06 16:25:46,089 - Logger - info - 65 : listening on 1240
INFO root - 2018-02-06 16:25:46,109 - Logger - info - 65 : listening on 1241
INFO root - 2018-02-06 16:25:46,126 - Logger - info - 65 : listening on 1242
INFO root - 2018-02-06 16:25:46,157 - Logger - info - 65 : listening on 1243
INFO root - 2018-02-06 16:25:46,176 - Logger - info - 65 : listening on 1244
INFO root - 2018-02-06 16:25:46,197 - Logger - info - 65 : listening on 1245
INFO root - 2018-02-06 16:25:46,219 - Logger - info - 65 : listening on 1246
INFO root - 2018-02-06 16:25:46,242 - Logger - info - 65 : listening on 1247
INFO root - 2018-02-06 16:25:46,265 - Logger - info - 65 : listening on 1248
INFO root - 2018-02-06 16:25:46,290 - Logger - info - 65 : listening on 1249
INFO root - 2018-02-06 16:25:46,310 - Logger - info - 65 : listening on 1250
INFO root - 2018-02-06 16:25:46,333 - Logger - info - 65 : listening on 1251
INFO root - 2018-02-06 16:25:46,356 - Logger - info - 65 : listening on 1252
INFO root - 2018-02-06 16:25:46,378 - Logger - info - 65 : listening on 1253
INFO root - 2018-02-06 16:25:46,398 - Logger - info - 65 : listening on 1254
INFO root - 2018-02-06 16:25:46,419 - Logger - info - 65 : listening on 1255
INFO root - 2018-02-06 16:25:46,436 - Logger - info - 65 : listening on 1256
INFO root - 2018-02-06 16:25:46,461 - Logger - info - 65 : listening on 1257
INFO root - 2018-02-06 16:25:46,484 - Logger - info - 65 : listening on 1258
INFO root - 2018-02-06 16:25:46,495 - Logger - info - 65 : listening on 1259
INFO root - 2018-02-06 16:25:46,524 - Logger - info - 65 : listening on 1260
INFO root - 2018-02-06 16:25:46,541 - Logger - info - 65 : listening on 1261
INFO root - 2018-02-06 16:25:46,566 - Logger - info - 65 : listening on 1262
INFO root - 2018-02-06 16:25:46,584 - Logger - info - 65 : listening on 1263
INFO root - 2018-02-06 16:25:46,604 - Logger - info - 65 : listening on 1264
INFO root - 2018-02-06 16:25:46,624 - Logger - info - 65 : listening on 1265
INFO root - 2018-02-06 16:25:46,642 - Logger - info - 65 : listening on 1266
INFO root - 2018-02-06 16:25:46,669 - Logger - info - 65 : listening on 1267
INFO root - 2018-02-06 16:25:46,691 - Logger - info - 65 : listening on 1268
INFO root - 2018-02-06 16:25:46,712 - Logger - info - 65 : listening on 1269
INFO root - 2018-02-06 16:25:46,734 - Logger - info - 65 : listening on 1270
INFO root - 2018-02-06 16:25:46,754 - Logger - info - 65 : listening on 1271
INFO root - 2018-02-06 16:25:46,788 - Logger - info - 65 : listening on 1272
INFO root - 2018-02-06 16:25:46,812 - Logger - info - 65 : listening on 1273
INFO root - 2018-02-06 16:25:46,848 - Logger - info - 65 : listening on 1274
INFO root - 2018-02-06 16:25:46,873 - Logger - info - 65 : listening on 1275
INFO root - 2018-02-06 16:25:46,898 - Logger - info - 65 : listening on 1276
INFO root - 2018-02-06 16:25:46,918 - Logger - info - 65 : listening on 1277
INFO root - 2018-02-06 16:25:46,928 - Logger - info - 65 : listening on 1278
INFO root - 2018-02-06 16:25:46,959 - Logger - info - 65 : listening on 1279
INFO root - 2018-02-06 16:25:46,981 - Logger - info - 65 : listening on 1280
INFO root - 2018-02-06 16:25:47,006 - Logger - info - 65 : listening on 1281
INFO root - 2018-02-06 16:25:47,029 - Logger - info - 65 : listening on 1282
INFO root - 2018-02-06 16:25:47,046 - Logger - info - 65 : listening on 1283
INFO root - 2018-02-06 16:25:47,064 - Logger - info - 65 : listening on 1284
INFO root - 2018-02-06 16:25:47,080 - Logger - info - 65 : listening on 1285
INFO root - 2018-02-06 16:25:47,096 - Logger - info - 65 : listening on 1286
INFO root - 2018-02-06 16:25:47,115 - Logger - info - 65 : listening on 1287
INFO root - 2018-02-06 16:25:47,141 - Logger - info - 65 : listening on 1288
INFO root - 2018-02-06 16:25:47,154 - Logger - info - 65 : listening on 1289
INFO root - 2018-02-06 16:25:47,174 - Logger - info - 65 : listening on 1290
INFO root - 2018-02-06 16:25:47,189 - Logger - info - 65 : listening on 1291
INFO root - 2018-02-06 16:25:47,210 - Logger - info - 65 : listening on 1292
INFO root - 2018-02-06 16:25:47,229 - Logger - info - 65 : listening on 1293
INFO root - 2018-02-06 16:25:47,245 - Logger - info - 65 : listening on 1294
INFO root - 2018-02-06 16:25:47,261 - Logger - info - 65 : listening on 1295
INFO root - 2018-02-06 16:25:47,281 - Logger - info - 65 : listening on 1296
INFO root - 2018-02-06 16:25:47,298 - Logger - info - 65 : listening on 1297
INFO root - 2018-02-06 16:25:47,315 - Logger - info - 65 : listening on 1298
INFO root - 2018-02-06 16:25:47,326 - Logger - info - 65 : listening on 1299
INFO root - 2018-02-06 16:25:47,362 - Logger - info - 65 : listening on 1300
INFO root - 2018-02-06 16:25:47,378 - Logger - info - 65 : listening on 1301
INFO root - 2018-02-06 16:25:47,400 - Logger - info - 65 : listening on 1302
INFO root - 2018-02-06 16:25:47,418 - Logger - info - 65 : listening on 1303
INFO root - 2018-02-06 16:25:47,433 - Logger - info - 65 : listening on 1304
INFO root - 2018-02-06 16:25:47,445 - Logger - info - 65 : listening on 1305
INFO root - 2018-02-06 16:25:47,471 - Logger - info - 65 : listening on 1306
INFO root - 2018-02-06 16:25:47,493 - Logger - info - 65 : listening on 1307
INFO root - 2018-02-06 16:25:47,511 - Logger - info - 65 : listening on 1308
INFO root - 2018-02-06 16:25:47,534 - Logger - info - 65 : listening on 1309
INFO root - 2018-02-06 16:25:47,552 - Logger - info - 65 : listening on 1310
INFO root - 2018-02-06 16:25:47,568 - Logger - info - 65 : listening on 1311
INFO root - 2018-02-06 16:25:47,586 - Logger - info - 65 : listening on 1312
INFO root - 2018-02-06 16:25:47,599 - Logger - info - 65 : listening on 1313
INFO root - 2018-02-06 16:25:47,628 - Logger - info - 65 : listening on 1314
INFO root - 2018-02-06 16:25:47,655 - Logger - info - 65 : listening on 1315
INFO root - 2018-02-06 16:25:47,671 - Logger - info - 65 : listening on 1316
INFO root - 2018-02-06 16:25:47,692 - Logger - info - 65 : listening on 1317
INFO root - 2018-02-06 16:25:47,709 - Logger - info - 65 : listening on 1318
INFO root - 2018-02-06 16:25:47,727 - Logger - info - 65 : listening on 1319
INFO root - 2018-02-06 16:25:47,744 - Logger - info - 65 : listening on 1320
INFO root - 2018-02-06 16:25:47,759 - Logger - info - 65 : listening on 1321
INFO root - 2018-02-06 16:25:47,784 - Logger - info - 65 : listening on 1322
INFO root - 2018-02-06 16:25:47,801 - Logger - info - 65 : listening on 1323
INFO root - 2018-02-06 16:25:47,820 - Logger - info - 65 : listening on 1324
INFO root - 2018-02-06 16:25:47,830 - Logger - info - 65 : listening on 1325
INFO root - 2018-02-06 16:25:47,860 - Logger - info - 65 : listening on 1326
INFO root - 2018-02-06 16:25:47,882 - Logger - info - 65 : listening on 1327
INFO root - 2018-02-06 16:25:47,892 - Logger - info - 65 : listening on 1328
INFO root - 2018-02-06 16:25:47,919 - Logger - info - 65 : listening on 1329
INFO root - 2018-02-06 16:25:47,938 - Logger - info - 65 : listening on 1330
INFO root - 2018-02-06 16:25:47,951 - Logger - info - 65 : listening on 1331
INFO root - 2018-02-06 16:25:47,971 - Logger - info - 65 : listening on 1332
INFO root - 2018-02-06 16:25:47,988 - Logger - info - 65 : listening on 1333
INFO root - 2018-02-06 16:25:48,005 - Logger - info - 65 : listening on 1334
INFO root - 2018-02-06 16:25:48,023 - Logger - info - 65 : listening on 1335
INFO root - 2018-02-06 16:25:48,039 - Logger - info - 65 : listening on 1336
INFO root - 2018-02-06 16:25:48,058 - Logger - info - 65 : listening on 1337
INFO root - 2018-02-06 16:25:48,075 - Logger - info - 65 : listening on 1338
INFO root - 2018-02-06 16:25:48,090 - Logger - info - 65 : listening on 1339
INFO root - 2018-02-06 16:25:48,111 - Logger - info - 65 : listening on 1340
INFO root - 2018-02-06 16:25:48,145 - Logger - info - 65 : listening on 1341
INFO root - 2018-02-06 16:25:48,164 - Logger - info - 65 : listening on 1342
INFO root - 2018-02-06 16:25:48,179 - Logger - info - 65 : listening on 1343
INFO root - 2018-02-06 16:25:48,198 - Logger - info - 65 : listening on 1344
INFO root - 2018-02-06 16:25:48,216 - Logger - info - 65 : listening on 1345
INFO root - 2018-02-06 16:25:48,231 - Logger - info - 65 : listening on 1346
INFO root - 2018-02-06 16:25:48,253 - Logger - info - 65 : listening on 1347
INFO root - 2018-02-06 16:25:48,268 - Logger - info - 65 : listening on 1348
INFO root - 2018-02-06 16:25:48,286 - Logger - info - 65 : listening on 1349
INFO root - 2018-02-06 16:25:48,302 - Logger - info - 65 : listening on 1350
INFO root - 2018-02-06 16:25:48,341 - Logger - info - 65 : listening on 1352
INFO root - 2018-02-06 16:25:48,362 - Logger - info - 65 : listening on 1353
INFO root - 2018-02-06 16:25:48,381 - Logger - info - 65 : listening on 1354
INFO root - 2018-02-06 16:25:48,393 - Logger - info - 65 : listening on 1355
INFO root - 2018-02-06 16:25:48,416 - Logger - info - 65 : listening on 1356
INFO root - 2018-02-06 16:25:48,430 - Logger - info - 65 : listening on 1357
INFO root - 2018-02-06 16:25:48,451 - Logger - info - 65 : listening on 1358
INFO root - 2018-02-06 16:25:48,467 - Logger - info - 65 : listening on 1359
INFO root - 2018-02-06 16:25:48,482 - Logger - info - 65 : listening on 1360
INFO root - 2018-02-06 16:25:48,502 - Logger - info - 65 : listening on 1361
INFO root - 2018-02-06 16:25:48,511 - Logger - info - 65 : listening on 1362
INFO root - 2018-02-06 16:25:48,537 - Logger - info - 65 : listening on 1363
INFO root - 2018-02-06 16:25:48,554 - Logger - info - 65 : listening on 1364
INFO root - 2018-02-06 16:25:48,574 - Logger - info - 65 : listening on 1365
INFO root - 2018-02-06 16:25:48,594 - Logger - info - 65 : listening on 1366
INFO root - 2018-02-06 16:25:48,613 - Logger - info - 65 : listening on 1367
INFO root - 2018-02-06 16:25:48,628 - Logger - info - 65 : listening on 1368
INFO root - 2018-02-06 16:25:48,650 - Logger - info - 65 : listening on 1369
INFO root - 2018-02-06 16:25:48,660 - Logger - info - 65 : listening on 1370
INFO root - 2018-02-06 16:25:48,682 - Logger - info - 65 : listening on 1371
INFO root - 2018-02-06 16:25:48,694 - Logger - info - 65 : listening on 1372
INFO root - 2018-02-06 16:25:48,718 - Logger - info - 65 : listening on 1373
INFO root - 2018-02-06 16:25:48,736 - Logger - info - 65 : listening on 1374
INFO root - 2018-02-06 16:25:48,752 - Logger - info - 65 : listening on 1375
INFO root - 2018-02-06 16:25:48,773 - Logger - info - 65 : listening on 1376
INFO root - 2018-02-06 16:25:48,790 - Logger - info - 65 : listening on 1377
INFO root - 2018-02-06 16:25:48,802 - Logger - info - 65 : listening on 1378
INFO root - 2018-02-06 16:25:48,824 - Logger - info - 65 : listening on 1379
INFO root - 2018-02-06 16:25:48,840 - Logger - info - 65 : listening on 1380
INFO root - 2018-02-06 16:25:48,864 - Logger - info - 65 : listening on 1381
INFO root - 2018-02-06 16:25:48,887 - Logger - info - 65 : listening on 1382
INFO root - 2018-02-06 16:25:48,904 - Logger - info - 65 : listening on 1383
INFO root - 2018-02-06 16:25:48,922 - Logger - info - 65 : listening on 1384
INFO root - 2018-02-06 16:25:48,940 - Logger - info - 65 : listening on 1385
INFO root - 2018-02-06 16:25:48,957 - Logger - info - 65 : listening on 1386
INFO root - 2018-02-06 16:25:48,970 - Logger - info - 65 : listening on 1387
INFO root - 2018-02-06 16:25:48,997 - Logger - info - 65 : listening on 1388
INFO root - 2018-02-06 16:25:49,012 - Logger - info - 65 : listening on 1389
INFO root - 2018-02-06 16:25:49,027 - Logger - info - 65 : listening on 1390
INFO root - 2018-02-06 16:25:49,047 - Logger - info - 65 : listening on 1391
INFO root - 2018-02-06 16:25:49,065 - Logger - info - 65 : listening on 1392
INFO root - 2018-02-06 16:25:49,083 - Logger - info - 65 : listening on 1393
INFO root - 2018-02-06 16:25:49,100 - Logger - info - 65 : listening on 1394
INFO root - 2018-02-06 16:25:49,112 - Logger - info - 65 : listening on 1395
INFO root - 2018-02-06 16:25:49,139 - Logger - info - 65 : listening on 1396
INFO root - 2018-02-06 16:25:49,149 - Logger - info - 65 : listening on 1397
INFO root - 2018-02-06 16:25:49,172 - Logger - info - 65 : listening on 1398
INFO root - 2018-02-06 16:25:49,191 - Logger - info - 65 : listening on 1399
INFO root - 2018-02-06 16:25:49,209 - Logger - info - 65 : listening on 1400
INFO root - 2018-02-06 16:25:49,227 - Logger - info - 65 : listening on 1401
INFO root - 2018-02-06 16:25:49,244 - Logger - info - 65 : listening on 1402
INFO root - 2018-02-06 16:25:49,259 - Logger - info - 65 : listening on 1403
INFO root - 2018-02-06 16:25:49,275 - Logger - info - 65 : listening on 1404
INFO root - 2018-02-06 16:25:49,289 - Logger - info - 65 : listening on 1405
INFO root - 2018-02-06 16:25:49,313 - Logger - info - 65 : listening on 1406
INFO root - 2018-02-06 16:25:49,323 - Logger - info - 65 : listening on 1407
INFO root - 2018-02-06 16:25:49,346 - Logger - info - 65 : listening on 1408
INFO root - 2018-02-06 16:25:49,356 - Logger - info - 65 : listening on 1409
INFO root - 2018-02-06 16:25:49,381 - Logger - info - 65 : listening on 1410
INFO root - 2018-02-06 16:25:49,400 - Logger - info - 65 : listening on 1411
INFO root - 2018-02-06 16:25:49,420 - Logger - info - 65 : listening on 1412
INFO root - 2018-02-06 16:25:49,442 - Logger - info - 65 : listening on 1413
INFO root - 2018-02-06 16:25:49,457 - Logger - info - 65 : listening on 1414
INFO root - 2018-02-06 16:25:49,469 - Logger - info - 65 : listening on 1415
INFO root - 2018-02-06 16:25:49,490 - Logger - info - 65 : listening on 1416
INFO root - 2018-02-06 16:25:49,508 - Logger - info - 65 : listening on 1417
INFO root - 2018-02-06 16:25:49,525 - Logger - info - 65 : listening on 1418
INFO root - 2018-02-06 16:25:49,543 - Logger - info - 65 : listening on 1419
INFO root - 2018-02-06 16:25:49,559 - Logger - info - 65 : listening on 1420
INFO root - 2018-02-06 16:25:49,581 - Logger - info - 65 : listening on 1421
INFO root - 2018-02-06 16:25:49,598 - Logger - info - 65 : listening on 1422
INFO root - 2018-02-06 16:25:49,613 - Logger - info - 65 : listening on 1423
INFO root - 2018-02-06 16:25:49,633 - Logger - info - 65 : listening on 1424
INFO root - 2018-02-06 16:25:49,652 - Logger - info - 65 : listening on 1425
INFO root - 2018-02-06 16:25:49,672 - Logger - info - 65 : listening on 1426
INFO root - 2018-02-06 16:25:49,688 - Logger - info - 65 : listening on 1427
INFO root - 2018-02-06 16:25:49,708 - Logger - info - 65 : listening on 1428
INFO root - 2018-02-06 16:25:49,723 - Logger - info - 65 : listening on 1429
INFO root - 2018-02-06 16:25:49,740 - Logger - info - 65 : listening on 1430
INFO root - 2018-02-06 16:25:49,758 - Logger - info - 65 : listening on 1431
INFO root - 2018-02-06 16:25:49,781 - Logger - info - 65 : listening on 1432
INFO root - 2018-02-06 16:25:49,801 - Logger - info - 65 : listening on 1433
INFO root - 2018-02-06 16:25:49,817 - Logger - info - 65 : listening on 1434
INFO root - 2018-02-06 16:25:49,834 - Logger - info - 65 : listening on 1435
INFO root - 2018-02-06 16:25:49,857 - Logger - info - 65 : listening on 1436
INFO root - 2018-02-06 16:25:49,873 - Logger - info - 65 : listening on 1437
INFO root - 2018-02-06 16:25:49,890 - Logger - info - 65 : listening on 1438
INFO root - 2018-02-06 16:25:49,923 - Logger - info - 65 : listening on 1439
INFO root - 2018-02-06 16:25:49,941 - Logger - info - 65 : listening on 1440
INFO root - 2018-02-06 16:25:49,960 - Logger - info - 65 : listening on 1441
INFO root - 2018-02-06 16:25:49,979 - Logger - info - 65 : listening on 1442
INFO root - 2018-02-06 16:25:49,997 - Logger - info - 65 : listening on 1443
INFO root - 2018-02-06 16:25:50,013 - Logger - info - 65 : listening on 1444
INFO root - 2018-02-06 16:25:50,025 - Logger - info - 65 : listening on 1445
INFO root - 2018-02-06 16:25:50,049 - Logger - info - 65 : listening on 1446
INFO root - 2018-02-06 16:25:50,067 - Logger - info - 65 : listening on 1447
INFO root - 2018-02-06 16:25:50,082 - Logger - info - 65 : listening on 1448
INFO root - 2018-02-06 16:25:50,102 - Logger - info - 65 : listening on 1449
INFO root - 2018-02-06 16:25:50,116 - Logger - info - 65 : listening on 1450
INFO root - 2018-02-06 16:25:50,138 - Logger - info - 65 : listening on 1451
INFO root - 2018-02-06 16:25:50,156 - Logger - info - 65 : listening on 1452
INFO root - 2018-02-06 16:25:50,176 - Logger - info - 65 : listening on 1453
INFO root - 2018-02-06 16:25:50,195 - Logger - info - 65 : listening on 1454
INFO root - 2018-02-06 16:25:50,209 - Logger - info - 65 : listening on 1455
INFO root - 2018-02-06 16:25:50,230 - Logger - info - 65 : listening on 1456
INFO root - 2018-02-06 16:25:50,247 - Logger - info - 65 : listening on 1457
INFO root - 2018-02-06 16:25:50,264 - Logger - info - 65 : listening on 1458
INFO root - 2018-02-06 16:25:50,281 - Logger - info - 65 : listening on 1459
INFO root - 2018-02-06 16:25:50,299 - Logger - info - 65 : listening on 1460
INFO root - 2018-02-06 16:25:50,321 - Logger - info - 65 : listening on 1461
INFO root - 2018-02-06 16:25:50,336 - Logger - info - 65 : listening on 1462
INFO root - 2018-02-06 16:25:50,351 - Logger - info - 65 : listening on 1463
INFO root - 2018-02-06 16:25:50,373 - Logger - info - 65 : listening on 1464
INFO root - 2018-02-06 16:25:50,393 - Logger - info - 65 : listening on 1465
INFO root - 2018-02-06 16:25:50,415 - Logger - info - 65 : listening on 1466
INFO root - 2018-02-06 16:25:50,441 - Logger - info - 65 : listening on 1467
INFO root - 2018-02-06 16:25:50,458 - Logger - info - 65 : listening on 1468
INFO root - 2018-02-06 16:25:50,473 - Logger - info - 65 : listening on 1469
INFO root - 2018-02-06 16:25:50,496 - Logger - info - 65 : listening on 1470
INFO root - 2018-02-06 16:25:50,512 - Logger - info - 65 : listening on 1471
INFO root - 2018-02-06 16:25:50,532 - Logger - info - 65 : listening on 1472
INFO root - 2018-02-06 16:25:50,547 - Logger - info - 65 : listening on 1473
INFO root - 2018-02-06 16:25:50,566 - Logger - info - 65 : listening on 1474
INFO root - 2018-02-06 16:25:50,585 - Logger - info - 65 : listening on 1475
INFO root - 2018-02-06 16:25:50,601 - Logger - info - 65 : listening on 1476
INFO root - 2018-02-06 16:25:50,617 - Logger - info - 65 : listening on 1477
INFO root - 2018-02-06 16:25:50,638 - Logger - info - 65 : listening on 1478
INFO root - 2018-02-06 16:25:50,649 - Logger - info - 65 : listening on 1479
INFO root - 2018-02-06 16:25:50,672 - Logger - info - 65 : listening on 1480
INFO root - 2018-02-06 16:25:50,690 - Logger - info - 65 : listening on 1481
INFO root - 2018-02-06 16:25:50,708 - Logger - info - 65 : listening on 1482
INFO root - 2018-02-06 16:25:50,726 - Logger - info - 65 : listening on 1483
INFO root - 2018-02-06 16:25:50,737 - Logger - info - 65 : listening on 1484
INFO root - 2018-02-06 16:25:50,762 - Logger - info - 65 : listening on 1485
INFO root - 2018-02-06 16:25:50,772 - Logger - info - 65 : listening on 1486
INFO root - 2018-02-06 16:25:50,795 - Logger - info - 65 : listening on 1487
INFO root - 2018-02-06 16:25:50,810 - Logger - info - 65 : listening on 1488
INFO root - 2018-02-06 16:25:50,827 - Logger - info - 65 : listening on 1489
INFO root - 2018-02-06 16:25:50,850 - Logger - info - 65 : listening on 1490
INFO root - 2018-02-06 16:25:50,865 - Logger - info - 65 : listening on 1491
INFO root - 2018-02-06 16:25:50,880 - Logger - info - 65 : listening on 1492
INFO root - 2018-02-06 16:25:50,901 - Logger - info - 65 : listening on 1493
INFO root - 2018-02-06 16:25:50,919 - Logger - info - 65 : listening on 1494
INFO root - 2018-02-06 16:25:50,948 - Logger - info - 65 : listening on 1495
INFO root - 2018-02-06 16:25:50,968 - Logger - info - 65 : listening on 1496
INFO root - 2018-02-06 16:25:50,985 - Logger - info - 65 : listening on 1497
INFO root - 2018-02-06 16:25:51,000 - Logger - info - 65 : listening on 1498
INFO root - 2018-02-06 16:25:51,017 - Logger - info - 65 : listening on 1499
INFO root - 2018-02-06 16:25:51,036 - Logger - info - 65 : listening on 1500
INFO root - 2018-02-06 16:25:51,055 - Logger - info - 65 : listening on 1501
INFO root - 2018-02-06 16:25:51,069 - Logger - info - 65 : listening on 1502
INFO root - 2018-02-06 16:25:51,086 - Logger - info - 65 : listening on 1503
INFO root - 2018-02-06 16:25:51,098 - Logger - info - 65 : listening on 1504
INFO root - 2018-02-06 16:25:51,122 - Logger - info - 65 : listening on 1505
INFO root - 2018-02-06 16:25:51,139 - Logger - info - 65 : listening on 1506
INFO root - 2018-02-06 16:25:51,157 - Logger - info - 65 : listening on 1507
INFO root - 2018-02-06 16:25:51,184 - Logger - info - 65 : listening on 1508
INFO root - 2018-02-06 16:25:51,201 - Logger - info - 65 : listening on 1509
INFO root - 2018-02-06 16:25:51,222 - Logger - info - 65 : listening on 1510
INFO root - 2018-02-06 16:25:51,238 - Logger - info - 65 : listening on 1511
INFO root - 2018-02-06 16:25:51,250 - Logger - info - 65 : listening on 1512
INFO root - 2018-02-06 16:25:51,272 - Logger - info - 65 : listening on 1513
INFO root - 2018-02-06 16:25:51,291 - Logger - info - 65 : listening on 1514
INFO root - 2018-02-06 16:25:51,310 - Logger - info - 65 : listening on 1515
INFO root - 2018-02-06 16:25:51,322 - Logger - info - 65 : listening on 1516
INFO root - 2018-02-06 16:25:51,343 - Logger - info - 65 : listening on 1517
INFO root - 2018-02-06 16:25:51,363 - Logger - info - 65 : listening on 1518
INFO root - 2018-02-06 16:25:51,372 - Logger - info - 65 : listening on 1519
INFO root - 2018-02-06 16:25:51,400 - Logger - info - 65 : listening on 1520
INFO root - 2018-02-06 16:25:51,418 - Logger - info - 65 : listening on 1521
INFO root - 2018-02-06 16:25:51,435 - Logger - info - 65 : listening on 1522
INFO root - 2018-02-06 16:25:51,456 - Logger - info - 65 : listening on 1523
INFO root - 2018-02-06 16:25:51,474 - Logger - info - 65 : listening on 1524
INFO root - 2018-02-06 16:25:51,496 - Logger - info - 65 : listening on 1525
INFO root - 2018-02-06 16:25:51,510 - Logger - info - 65 : listening on 1526
INFO root - 2018-02-06 16:25:51,529 - Logger - info - 65 : listening on 1527
INFO root - 2018-02-06 16:25:51,543 - Logger - info - 65 : listening on 1528
INFO root - 2018-02-06 16:25:51,563 - Logger - info - 65 : listening on 1529
INFO root - 2018-02-06 16:25:51,582 - Logger - info - 65 : listening on 1530
INFO root - 2018-02-06 16:25:51,601 - Logger - info - 65 : listening on 1531
INFO root - 2018-02-06 16:25:51,612 - Logger - info - 65 : listening on 1532
INFO root - 2018-02-06 16:25:51,637 - Logger - info - 65 : listening on 1533
INFO root - 2018-02-06 16:25:51,653 - Logger - info - 65 : listening on 1534
INFO root - 2018-02-06 16:25:51,670 - Logger - info - 65 : listening on 1535
INFO root - 2018-02-06 16:25:51,690 - Logger - info - 65 : listening on 1536
INFO root - 2018-02-06 16:25:51,707 - Logger - info - 65 : listening on 1537
INFO root - 2018-02-06 16:25:51,724 - Logger - info - 65 : listening on 1538
INFO root - 2018-02-06 16:25:51,738 - Logger - info - 65 : listening on 1539
INFO root - 2018-02-06 16:25:51,759 - Logger - info - 65 : listening on 1540
INFO root - 2018-02-06 16:25:51,781 - Logger - info - 65 : listening on 1541
INFO root - 2018-02-06 16:25:51,795 - Logger - info - 65 : listening on 1542
INFO root - 2018-02-06 16:25:51,812 - Logger - info - 65 : listening on 1543
INFO root - 2018-02-06 16:25:51,833 - Logger - info - 65 : listening on 1544
INFO root - 2018-02-06 16:25:51,852 - Logger - info - 65 : listening on 1545
INFO root - 2018-02-06 16:25:51,867 - Logger - info - 65 : listening on 1546
INFO root - 2018-02-06 16:25:51,885 - Logger - info - 65 : listening on 1547
INFO root - 2018-02-06 16:25:51,902 - Logger - info - 65 : listening on 1548
INFO root - 2018-02-06 16:25:51,920 - Logger - info - 65 : listening on 1549
INFO root - 2018-02-06 16:25:51,943 - Logger - info - 65 : listening on 1550
INFO root - 2018-02-06 16:25:51,963 - Logger - info - 65 : listening on 1551
INFO root - 2018-02-06 16:25:51,984 - Logger - info - 65 : listening on 1552
INFO root - 2018-02-06 16:25:51,999 - Logger - info - 65 : listening on 1553
INFO root - 2018-02-06 16:25:52,015 - Logger - info - 65 : listening on 1554
INFO root - 2018-02-06 16:25:52,037 - Logger - info - 65 : listening on 1555
INFO root - 2018-02-06 16:25:52,049 - Logger - info - 65 : listening on 1556
INFO root - 2018-02-06 16:25:52,073 - Logger - info - 65 : listening on 1557
INFO root - 2018-02-06 16:25:52,092 - Logger - info - 65 : listening on 1558
INFO root - 2018-02-06 16:25:52,106 - Logger - info - 65 : listening on 1559
INFO root - 2018-02-06 16:25:52,124 - Logger - info - 65 : listening on 1560
INFO root - 2018-02-06 16:25:52,143 - Logger - info - 65 : listening on 1561
INFO root - 2018-02-06 16:25:52,161 - Logger - info - 65 : listening on 1562
INFO root - 2018-02-06 16:25:52,179 - Logger - info - 65 : listening on 1563
INFO root - 2018-02-06 16:25:52,196 - Logger - info - 65 : listening on 1564
INFO root - 2018-02-06 16:25:52,217 - Logger - info - 65 : listening on 1565
INFO root - 2018-02-06 16:25:52,233 - Logger - info - 65 : listening on 1566
INFO root - 2018-02-06 16:25:52,250 - Logger - info - 65 : listening on 1567
INFO root - 2018-02-06 16:25:52,268 - Logger - info - 65 : listening on 1568
INFO root - 2018-02-06 16:25:52,286 - Logger - info - 65 : listening on 1569
INFO root - 2018-02-06 16:25:52,310 - Logger - info - 65 : listening on 1570
INFO root - 2018-02-06 16:25:52,325 - Logger - info - 65 : listening on 1571
INFO root - 2018-02-06 16:25:52,342 - Logger - info - 65 : listening on 1572
INFO root - 2018-02-06 16:25:52,364 - Logger - info - 65 : listening on 1573
INFO root - 2018-02-06 16:25:52,387 - Logger - info - 65 : listening on 1574
INFO root - 2018-02-06 16:25:52,411 - Logger - info - 65 : listening on 1575
INFO root - 2018-02-06 16:25:52,426 - Logger - info - 65 : listening on 1576
INFO root - 2018-02-06 16:25:52,444 - Logger - info - 65 : listening on 1577
INFO root - 2018-02-06 16:25:52,460 - Logger - info - 65 : listening on 1578
INFO root - 2018-02-06 16:25:52,489 - Logger - info - 65 : listening on 1579
INFO root - 2018-02-06 16:25:52,510 - Logger - info - 65 : listening on 1580
INFO root - 2018-02-06 16:25:52,527 - Logger - info - 65 : listening on 1581
INFO root - 2018-02-06 16:25:52,543 - Logger - info - 65 : listening on 1582
INFO root - 2018-02-06 16:25:52,562 - Logger - info - 65 : listening on 1583
INFO root - 2018-02-06 16:25:52,578 - Logger - info - 65 : listening on 1584
INFO root - 2018-02-06 16:25:52,598 - Logger - info - 65 : listening on 1585
INFO root - 2018-02-06 16:25:52,618 - Logger - info - 65 : listening on 1586
INFO root - 2018-02-06 16:25:52,635 - Logger - info - 65 : listening on 1587
INFO root - 2018-02-06 16:25:52,652 - Logger - info - 65 : listening on 1588
INFO root - 2018-02-06 16:25:52,667 - Logger - info - 65 : listening on 1589
INFO root - 2018-02-06 16:25:52,691 - Logger - info - 65 : listening on 1590
INFO root - 2018-02-06 16:25:52,710 - Logger - info - 65 : listening on 1591
INFO root - 2018-02-06 16:25:52,726 - Logger - info - 65 : listening on 1592
INFO root - 2018-02-06 16:25:52,744 - Logger - info - 65 : listening on 1593
INFO root - 2018-02-06 16:25:52,759 - Logger - info - 65 : listening on 1594
INFO root - 2018-02-06 16:25:52,780 - Logger - info - 65 : listening on 1595
INFO root - 2018-02-06 16:25:52,797 - Logger - info - 65 : listening on 1596
INFO root - 2018-02-06 16:25:52,819 - Logger - info - 65 : listening on 1597
INFO root - 2018-02-06 16:25:52,838 - Logger - info - 65 : listening on 1598
INFO root - 2018-02-06 16:25:52,854 - Logger - info - 65 : listening on 1599
INFO root - 2018-02-06 16:25:52,874 - Logger - info - 65 : listening on 1600
INFO root - 2018-02-06 16:25:52,891 - Logger - info - 65 : listening on 1601
INFO root - 2018-02-06 16:25:52,908 - Logger - info - 65 : listening on 1602
INFO root - 2018-02-06 16:25:52,929 - Logger - info - 65 : listening on 1603
INFO root - 2018-02-06 16:25:52,948 - Logger - info - 65 : listening on 1604
INFO root - 2018-02-06 16:25:52,965 - Logger - info - 65 : listening on 1605
INFO root - 2018-02-06 16:25:52,982 - Logger - info - 65 : listening on 1606
INFO root - 2018-02-06 16:25:53,006 - Logger - info - 65 : listening on 1607
INFO root - 2018-02-06 16:25:53,028 - Logger - info - 65 : listening on 1608
INFO root - 2018-02-06 16:25:53,042 - Logger - info - 65 : listening on 1609
INFO root - 2018-02-06 16:25:53,061 - Logger - info - 65 : listening on 1610
INFO root - 2018-02-06 16:25:53,079 - Logger - info - 65 : listening on 1611
INFO root - 2018-02-06 16:25:53,088 - Logger - info - 65 : listening on 1612
INFO root - 2018-02-06 16:25:53,111 - Logger - info - 65 : listening on 1613
INFO root - 2018-02-06 16:25:53,126 - Logger - info - 65 : listening on 1614
INFO root - 2018-02-06 16:25:53,153 - Logger - info - 65 : listening on 1615
INFO root - 2018-02-06 16:25:53,169 - Logger - info - 65 : listening on 1616
INFO root - 2018-02-06 16:25:53,187 - Logger - info - 65 : listening on 1617
INFO root - 2018-02-06 16:25:53,206 - Logger - info - 65 : listening on 1618
INFO root - 2018-02-06 16:25:53,221 - Logger - info - 65 : listening on 1619
INFO root - 2018-02-06 16:25:53,241 - Logger - info - 65 : listening on 1620
INFO root - 2018-02-06 16:25:53,252 - Logger - info - 65 : listening on 1621
INFO root - 2018-02-06 16:25:53,277 - Logger - info - 65 : listening on 1622
INFO root - 2018-02-06 16:25:53,288 - Logger - info - 65 : listening on 1623
INFO root - 2018-02-06 16:25:53,311 - Logger - info - 65 : listening on 1624
INFO root - 2018-02-06 16:25:53,328 - Logger - info - 65 : listening on 1625
INFO root - 2018-02-06 16:25:53,340 - Logger - info - 65 : listening on 1626
INFO root - 2018-02-06 16:25:53,367 - Logger - info - 65 : listening on 1627
INFO root - 2018-02-06 16:25:53,386 - Logger - info - 65 : listening on 1628
INFO root - 2018-02-06 16:25:53,405 - Logger - info - 65 : listening on 1629
INFO root - 2018-02-06 16:25:53,422 - Logger - info - 65 : listening on 1630
INFO root - 2018-02-06 16:25:53,434 - Logger - info - 65 : listening on 1631
INFO root - 2018-02-06 16:25:53,458 - Logger - info - 65 : listening on 1632
INFO root - 2018-02-06 16:25:53,480 - Logger - info - 65 : listening on 1633
INFO root - 2018-02-06 16:25:53,497 - Logger - info - 65 : listening on 1634
INFO root - 2018-02-06 16:25:53,516 - Logger - info - 65 : listening on 1635
INFO root - 2018-02-06 16:25:53,540 - Logger - info - 65 : listening on 1636
INFO root - 2018-02-06 16:25:53,551 - Logger - info - 65 : listening on 1637
INFO root - 2018-02-06 16:25:53,576 - Logger - info - 65 : listening on 1638
INFO root - 2018-02-06 16:25:53,592 - Logger - info - 65 : listening on 1639
INFO root - 2018-02-06 16:25:53,614 - Logger - info - 65 : listening on 1640
INFO root - 2018-02-06 16:25:53,629 - Logger - info - 65 : listening on 1641
INFO root - 2018-02-06 16:25:53,646 - Logger - info - 65 : listening on 1642
INFO root - 2018-02-06 16:25:53,662 - Logger - info - 65 : listening on 1643
INFO root - 2018-02-06 16:25:53,682 - Logger - info - 65 : listening on 1644
INFO root - 2018-02-06 16:25:53,705 - Logger - info - 65 : listening on 1645
INFO root - 2018-02-06 16:25:53,720 - Logger - info - 65 : listening on 1646
INFO root - 2018-02-06 16:25:53,741 - Logger - info - 65 : listening on 1647
INFO root - 2018-02-06 16:25:53,755 - Logger - info - 65 : listening on 1648
INFO root - 2018-02-06 16:25:53,776 - Logger - info - 65 : listening on 1649
INFO root - 2018-02-06 16:25:53,795 - Logger - info - 65 : listening on 1650
INFO root - 2018-02-06 16:25:53,814 - Logger - info - 65 : listening on 1651
INFO root - 2018-02-06 16:25:53,831 - Logger - info - 65 : listening on 1652
INFO root - 2018-02-06 16:25:53,846 - Logger - info - 65 : listening on 1653
INFO root - 2018-02-06 16:25:53,870 - Logger - info - 65 : listening on 1654
INFO root - 2018-02-06 16:25:53,880 - Logger - info - 65 : listening on 1655
INFO root - 2018-02-06 16:25:53,906 - Logger - info - 65 : listening on 1656
INFO root - 2018-02-06 16:25:53,926 - Logger - info - 65 : listening on 1657
INFO root - 2018-02-06 16:25:53,955 - Logger - info - 65 : listening on 1658
INFO root - 2018-02-06 16:25:53,981 - Logger - info - 65 : listening on 1659
INFO root - 2018-02-06 16:25:53,999 - Logger - info - 65 : listening on 1660
INFO root - 2018-02-06 16:25:54,009 - Logger - info - 65 : listening on 1661
INFO root - 2018-02-06 16:25:54,041 - Logger - info - 65 : listening on 1662
INFO root - 2018-02-06 16:25:54,062 - Logger - info - 65 : listening on 1663
INFO root - 2018-02-06 16:25:54,079 - Logger - info - 65 : listening on 1664
INFO root - 2018-02-06 16:25:54,095 - Logger - info - 65 : listening on 1665
INFO root - 2018-02-06 16:25:54,113 - Logger - info - 65 : listening on 1666
INFO root - 2018-02-06 16:25:54,131 - Logger - info - 65 : listening on 1667
INFO root - 2018-02-06 16:25:54,155 - Logger - info - 65 : listening on 1668
INFO root - 2018-02-06 16:25:54,171 - Logger - info - 65 : listening on 1669
INFO root - 2018-02-06 16:25:54,190 - Logger - info - 65 : listening on 1670
INFO root - 2018-02-06 16:25:54,207 - Logger - info - 65 : listening on 1671
INFO root - 2018-02-06 16:25:54,224 - Logger - info - 65 : listening on 1672
INFO root - 2018-02-06 16:25:54,246 - Logger - info - 65 : listening on 1673
INFO root - 2018-02-06 16:25:54,257 - Logger - info - 65 : listening on 1674
INFO root - 2018-02-06 16:25:54,281 - Logger - info - 65 : listening on 1675
INFO root - 2018-02-06 16:25:54,297 - Logger - info - 65 : listening on 1676
INFO root - 2018-02-06 16:25:54,314 - Logger - info - 65 : listening on 1677
INFO root - 2018-02-06 16:25:54,335 - Logger - info - 65 : listening on 1678
INFO root - 2018-02-06 16:25:54,351 - Logger - info - 65 : listening on 1679
INFO root - 2018-02-06 16:25:54,368 - Logger - info - 65 : listening on 1680
INFO root - 2018-02-06 16:25:54,378 - Logger - info - 65 : listening on 1681
INFO root - 2018-02-06 16:25:54,406 - Logger - info - 65 : listening on 1682
INFO root - 2018-02-06 16:25:54,421 - Logger - info - 65 : listening on 1683
INFO root - 2018-02-06 16:25:54,437 - Logger - info - 65 : listening on 1684
INFO root - 2018-02-06 16:25:54,458 - Logger - info - 65 : listening on 1685
INFO root - 2018-02-06 16:25:54,475 - Logger - info - 65 : listening on 1686
INFO root - 2018-02-06 16:25:54,494 - Logger - info - 65 : listening on 1687
INFO root - 2018-02-06 16:25:54,505 - Logger - info - 65 : listening on 1688
INFO root - 2018-02-06 16:25:54,532 - Logger - info - 65 : listening on 1689
INFO root - 2018-02-06 16:25:54,555 - Logger - info - 65 : listening on 1690
INFO root - 2018-02-06 16:25:54,568 - Logger - info - 65 : listening on 1691
INFO root - 2018-02-06 16:25:54,592 - Logger - info - 65 : listening on 1692
INFO root - 2018-02-06 16:25:54,609 - Logger - info - 65 : listening on 1693
INFO root - 2018-02-06 16:25:54,623 - Logger - info - 65 : listening on 1694
INFO root - 2018-02-06 16:25:54,641 - Logger - info - 65 : listening on 1695
INFO root - 2018-02-06 16:25:54,660 - Logger - info - 65 : listening on 1696
INFO root - 2018-02-06 16:25:54,682 - Logger - info - 65 : listening on 1697
INFO root - 2018-02-06 16:25:54,701 - Logger - info - 65 : listening on 1698
INFO root - 2018-02-06 16:25:54,718 - Logger - info - 65 : listening on 1699
INFO root - 2018-02-06 16:25:54,735 - Logger - info - 65 : listening on 1700
INFO root - 2018-02-06 16:25:54,750 - Logger - info - 65 : listening on 1701
INFO root - 2018-02-06 16:25:54,772 - Logger - info - 65 : listening on 1702
INFO root - 2018-02-06 16:25:54,790 - Logger - info - 65 : listening on 1703
INFO root - 2018-02-06 16:25:54,808 - Logger - info - 65 : listening on 1704
INFO root - 2018-02-06 16:25:54,828 - Logger - info - 65 : listening on 1705
INFO root - 2018-02-06 16:25:54,863 - Logger - info - 65 : listening on 1707
INFO root - 2018-02-06 16:25:54,879 - Logger - info - 65 : listening on 1708
INFO root - 2018-02-06 16:25:54,898 - Logger - info - 65 : listening on 1709
INFO root - 2018-02-06 16:25:54,916 - Logger - info - 65 : listening on 1710
INFO root - 2018-02-06 16:25:54,938 - Logger - info - 65 : listening on 1711
INFO root - 2018-02-06 16:25:54,955 - Logger - info - 65 : listening on 1712
INFO root - 2018-02-06 16:25:54,972 - Logger - info - 65 : listening on 1713
INFO root - 2018-02-06 16:25:54,989 - Logger - info - 65 : listening on 1714
INFO root - 2018-02-06 16:25:55,007 - Logger - info - 65 : listening on 1715
INFO root - 2018-02-06 16:25:55,028 - Logger - info - 65 : listening on 1716
INFO root - 2018-02-06 16:25:55,042 - Logger - info - 65 : listening on 1717
INFO root - 2018-02-06 16:25:55,069 - Logger - info - 65 : listening on 1718
INFO root - 2018-02-06 16:25:55,084 - Logger - info - 65 : listening on 1719
INFO root - 2018-02-06 16:25:55,102 - Logger - info - 65 : listening on 1720
INFO root - 2018-02-06 16:25:55,119 - Logger - info - 65 : listening on 1721
INFO root - 2018-02-06 16:25:55,141 - Logger - info - 65 : listening on 1722
INFO root - 2018-02-06 16:25:55,157 - Logger - info - 65 : listening on 1723
INFO root - 2018-02-06 16:25:55,168 - Logger - info - 65 : listening on 1724
INFO root - 2018-02-06 16:25:55,195 - Logger - info - 65 : listening on 1725
INFO root - 2018-02-06 16:25:55,211 - Logger - info - 65 : listening on 1726
INFO root - 2018-02-06 16:25:55,229 - Logger - info - 65 : listening on 1727
INFO root - 2018-02-06 16:25:55,239 - Logger - info - 65 : listening on 1728
INFO root - 2018-02-06 16:25:55,263 - Logger - info - 65 : listening on 1729
INFO root - 2018-02-06 16:25:55,280 - Logger - info - 65 : listening on 1730
INFO root - 2018-02-06 16:25:55,297 - Logger - info - 65 : listening on 1731
INFO root - 2018-02-06 16:25:55,315 - Logger - info - 65 : listening on 1732
INFO root - 2018-02-06 16:25:55,337 - Logger - info - 65 : listening on 1733
INFO root - 2018-02-06 16:25:55,360 - Logger - info - 65 : listening on 1734
INFO root - 2018-02-06 16:25:55,374 - Logger - info - 65 : listening on 1735
INFO root - 2018-02-06 16:25:55,396 - Logger - info - 65 : listening on 1736
INFO root - 2018-02-06 16:25:55,415 - Logger - info - 65 : listening on 1737
INFO root - 2018-02-06 16:25:55,433 - Logger - info - 65 : listening on 1738
INFO root - 2018-02-06 16:25:55,454 - Logger - info - 65 : listening on 1739
INFO root - 2018-02-06 16:25:55,469 - Logger - info - 65 : listening on 1740
INFO root - 2018-02-06 16:25:55,489 - Logger - info - 65 : listening on 1741
INFO root - 2018-02-06 16:25:55,506 - Logger - info - 65 : listening on 1742
INFO root - 2018-02-06 16:25:55,526 - Logger - info - 65 : listening on 1743
INFO root - 2018-02-06 16:25:55,541 - Logger - info - 65 : listening on 1744
INFO root - 2018-02-06 16:25:55,559 - Logger - info - 65 : listening on 1745
INFO root - 2018-02-06 16:25:55,589 - Logger - info - 65 : listening on 1746
INFO root - 2018-02-06 16:25:55,607 - Logger - info - 65 : listening on 1747
INFO root - 2018-02-06 16:25:55,623 - Logger - info - 65 : listening on 1748
INFO root - 2018-02-06 16:25:55,641 - Logger - info - 65 : listening on 1749
INFO root - 2018-02-06 16:25:55,662 - Logger - info - 65 : listening on 1750
INFO root - 2018-02-06 16:25:55,680 - Logger - info - 65 : listening on 1751
INFO root - 2018-02-06 16:25:55,697 - Logger - info - 65 : listening on 1752
INFO root - 2018-02-06 16:25:55,713 - Logger - info - 65 : listening on 1753
INFO root - 2018-02-06 16:25:55,731 - Logger - info - 65 : listening on 1754
INFO root - 2018-02-06 16:25:55,746 - Logger - info - 65 : listening on 1755
INFO root - 2018-02-06 16:25:55,766 - Logger - info - 65 : listening on 1756
INFO root - 2018-02-06 16:25:55,787 - Logger - info - 65 : listening on 1757
INFO root - 2018-02-06 16:25:55,797 - Logger - info - 65 : listening on 1758
INFO root - 2018-02-06 16:25:55,822 - Logger - info - 65 : listening on 1759
INFO root - 2018-02-06 16:25:55,837 - Logger - info - 65 : listening on 1760
INFO root - 2018-02-06 16:25:55,858 - Logger - info - 65 : listening on 1761
INFO root - 2018-02-06 16:25:55,870 - Logger - info - 65 : listening on 1762
INFO root - 2018-02-06 16:25:55,895 - Logger - info - 65 : listening on 1763
INFO root - 2018-02-06 16:25:55,907 - Logger - info - 65 : listening on 1764
INFO root - 2018-02-06 16:25:56,096 - Logger - info - 65 : listening on 1765
INFO root - 2018-02-06 16:25:56,117 - Logger - info - 65 : listening on 1766
INFO root - 2018-02-06 16:25:56,138 - Logger - info - 65 : listening on 1767
INFO root - 2018-02-06 16:25:56,156 - Logger - info - 65 : listening on 1768
INFO root - 2018-02-06 16:25:56,176 - Logger - info - 65 : listening on 1769
INFO root - 2018-02-06 16:25:56,191 - Logger - info - 65 : listening on 1770
INFO root - 2018-02-06 16:25:56,215 - Logger - info - 65 : listening on 1771
INFO root - 2018-02-06 16:25:56,237 - Logger - info - 65 : listening on 1772
INFO root - 2018-02-06 16:25:56,260 - Logger - info - 65 : listening on 1773
INFO root - 2018-02-06 16:25:56,271 - Logger - info - 65 : listening on 1774
INFO root - 2018-02-06 16:25:56,293 - Logger - info - 65 : listening on 1775
INFO root - 2018-02-06 16:25:56,313 - Logger - info - 65 : listening on 1776
INFO root - 2018-02-06 16:25:56,331 - Logger - info - 65 : listening on 1777
INFO root - 2018-02-06 16:25:56,348 - Logger - info - 65 : listening on 1778
INFO root - 2018-02-06 16:25:56,370 - Logger - info - 65 : listening on 1779
INFO root - 2018-02-06 16:25:56,394 - Logger - info - 65 : listening on 1780
INFO root - 2018-02-06 16:25:56,410 - Logger - info - 65 : listening on 1781
INFO root - 2018-02-06 16:25:56,428 - Logger - info - 65 : listening on 1782
INFO root - 2018-02-06 16:25:56,447 - Logger - info - 65 : listening on 1783
INFO root - 2018-02-06 16:25:56,463 - Logger - info - 65 : listening on 1784
INFO root - 2018-02-06 16:25:56,480 - Logger - info - 65 : listening on 1785
INFO root - 2018-02-06 16:25:56,496 - Logger - info - 65 : listening on 1786
INFO root - 2018-02-06 16:25:56,517 - Logger - info - 65 : listening on 1787
INFO root - 2018-02-06 16:25:56,535 - Logger - info - 65 : listening on 1788
INFO root - 2018-02-06 16:25:56,552 - Logger - info - 65 : listening on 1789
INFO root - 2018-02-06 16:25:56,568 - Logger - info - 65 : listening on 1790
INFO root - 2018-02-06 16:25:56,591 - Logger - info - 65 : listening on 1791
INFO root - 2018-02-06 16:25:56,618 - Logger - info - 65 : listening on 1792
INFO root - 2018-02-06 16:25:56,635 - Logger - info - 65 : listening on 1793
INFO root - 2018-02-06 16:25:56,655 - Logger - info - 65 : listening on 1794
INFO root - 2018-02-06 16:25:56,672 - Logger - info - 65 : listening on 1795
INFO root - 2018-02-06 16:25:56,688 - Logger - info - 65 : listening on 1796
INFO root - 2018-02-06 16:25:56,708 - Logger - info - 65 : listening on 1797
INFO root - 2018-02-06 16:25:56,725 - Logger - info - 65 : listening on 1798
INFO root - 2018-02-06 16:25:56,746 - Logger - info - 65 : listening on 1799
INFO root - 2018-02-06 16:25:56,761 - Logger - info - 65 : listening on 1800
INFO root - 2018-02-06 16:25:56,774 - Logger - info - 65 : listening on 1801
INFO root - 2018-02-06 16:25:56,797 - Logger - info - 65 : listening on 1802
INFO root - 2018-02-06 16:25:56,814 - Logger - info - 65 : listening on 1803
INFO root - 2018-02-06 16:25:56,831 - Logger - info - 65 : listening on 1804
INFO root - 2018-02-06 16:25:56,847 - Logger - info - 65 : listening on 1805
INFO root - 2018-02-06 16:25:56,865 - Logger - info - 65 : listening on 1806
INFO root - 2018-02-06 16:25:56,882 - Logger - info - 65 : listening on 1807
INFO root - 2018-02-06 16:25:56,900 - Logger - info - 65 : listening on 1808
INFO root - 2018-02-06 16:25:56,921 - Logger - info - 65 : listening on 1809
INFO root - 2018-02-06 16:25:56,930 - Logger - info - 65 : listening on 1810
INFO root - 2018-02-06 16:25:56,956 - Logger - info - 65 : listening on 1811
INFO root - 2018-02-06 16:25:56,975 - Logger - info - 65 : listening on 1812
INFO root - 2018-02-06 16:25:56,987 - Logger - info - 65 : listening on 1813
INFO root - 2018-02-06 16:25:57,010 - Logger - info - 65 : listening on 1814
INFO root - 2018-02-06 16:25:57,026 - Logger - info - 65 : listening on 1815
INFO root - 2018-02-06 16:25:57,046 - Logger - info - 65 : listening on 1816
INFO root - 2018-02-06 16:25:57,062 - Logger - info - 65 : listening on 1817
INFO root - 2018-02-06 16:25:57,079 - Logger - info - 65 : listening on 1818
INFO root - 2018-02-06 16:25:57,096 - Logger - info - 65 : listening on 1819
INFO root - 2018-02-06 16:25:57,118 - Logger - info - 65 : listening on 1820
INFO root - 2018-02-06 16:25:57,145 - Logger - info - 65 : listening on 1821
INFO root - 2018-02-06 16:25:57,162 - Logger - info - 65 : listening on 1822
INFO root - 2018-02-06 16:25:57,180 - Logger - info - 65 : listening on 1823
INFO root - 2018-02-06 16:25:57,200 - Logger - info - 65 : listening on 1824
INFO root - 2018-02-06 16:25:57,216 - Logger - info - 65 : listening on 1825
INFO root - 2018-02-06 16:25:57,237 - Logger - info - 65 : listening on 1826
INFO root - 2018-02-06 16:25:57,247 - Logger - info - 65 : listening on 1827
INFO root - 2018-02-06 16:25:57,272 - Logger - info - 65 : listening on 1828
INFO root - 2018-02-06 16:25:57,287 - Logger - info - 65 : listening on 1829
INFO root - 2018-02-06 16:25:57,301 - Logger - info - 65 : listening on 1830
INFO root - 2018-02-06 16:25:57,326 - Logger - info - 65 : listening on 1831
INFO root - 2018-02-06 16:25:57,343 - Logger - info - 65 : listening on 1832
INFO root - 2018-02-06 16:25:57,363 - Logger - info - 65 : listening on 1833
INFO root - 2018-02-06 16:25:57,373 - Logger - info - 65 : listening on 1834
INFO root - 2018-02-06 16:25:57,394 - Logger - info - 65 : listening on 1835
INFO root - 2018-02-06 16:25:57,416 - Logger - info - 65 : listening on 1836
INFO root - 2018-02-06 16:25:57,439 - Logger - info - 65 : listening on 1837
INFO root - 2018-02-06 16:25:57,456 - Logger - info - 65 : listening on 1838
INFO root - 2018-02-06 16:25:57,473 - Logger - info - 65 : listening on 1839
INFO root - 2018-02-06 16:25:57,490 - Logger - info - 65 : listening on 1840
INFO root - 2018-02-06 16:25:57,509 - Logger - info - 65 : listening on 1841
INFO root - 2018-02-06 16:25:57,527 - Logger - info - 65 : listening on 1842
INFO root - 2018-02-06 16:25:57,543 - Logger - info - 65 : listening on 1843
INFO root - 2018-02-06 16:25:57,558 - Logger - info - 65 : listening on 1844
INFO root - 2018-02-06 16:25:57,577 - Logger - info - 65 : listening on 1845
INFO root - 2018-02-06 16:25:57,595 - Logger - info - 65 : listening on 1846
INFO root - 2018-02-06 16:25:57,610 - Logger - info - 65 : listening on 1847
INFO root - 2018-02-06 16:25:57,651 - Logger - info - 65 : listening on 1848
INFO root - 2018-02-06 16:25:57,671 - Logger - info - 65 : listening on 1849
INFO root - 2018-02-06 16:25:57,687 - Logger - info - 65 : listening on 1850
INFO root - 2018-02-06 16:25:57,706 - Logger - info - 65 : listening on 1851
INFO root - 2018-02-06 16:25:57,723 - Logger - info - 65 : listening on 1852
INFO root - 2018-02-06 16:25:57,741 - Logger - info - 65 : listening on 1853
INFO root - 2018-02-06 16:25:57,757 - Logger - info - 65 : listening on 1854
INFO root - 2018-02-06 16:25:57,778 - Logger - info - 65 : listening on 1855
INFO root - 2018-02-06 16:25:57,795 - Logger - info - 65 : listening on 1856
INFO root - 2018-02-06 16:25:57,811 - Logger - info - 65 : listening on 1857
INFO root - 2018-02-06 16:25:57,832 - Logger - info - 65 : listening on 1858
INFO root - 2018-02-06 16:25:57,852 - Logger - info - 65 : listening on 1859
INFO root - 2018-02-06 16:25:57,870 - Logger - info - 65 : listening on 1860
INFO root - 2018-02-06 16:25:57,886 - Logger - info - 65 : listening on 1861
INFO root - 2018-02-06 16:25:57,897 - Logger - info - 65 : listening on 1862
INFO root - 2018-02-06 16:25:57,923 - Logger - info - 65 : listening on 1863
INFO root - 2018-02-06 16:25:57,941 - Logger - info - 65 : listening on 1864
INFO root - 2018-02-06 16:25:57,962 - Logger - info - 65 : listening on 1865
INFO root - 2018-02-06 16:25:57,979 - Logger - info - 65 : listening on 1866
INFO root - 2018-02-06 16:25:57,994 - Logger - info - 65 : listening on 1867
INFO root - 2018-02-06 16:25:58,010 - Logger - info - 65 : listening on 1868
INFO root - 2018-02-06 16:25:58,030 - Logger - info - 65 : listening on 1869
INFO root - 2018-02-06 16:25:58,047 - Logger - info - 65 : listening on 1870
INFO root - 2018-02-06 16:25:58,065 - Logger - info - 65 : listening on 1871
INFO root - 2018-02-06 16:25:58,082 - Logger - info - 65 : listening on 1872
INFO root - 2018-02-06 16:25:58,100 - Logger - info - 65 : listening on 1873
INFO root - 2018-02-06 16:25:58,117 - Logger - info - 65 : listening on 1874
INFO root - 2018-02-06 16:25:58,135 - Logger - info - 65 : listening on 1875
INFO root - 2018-02-06 16:25:58,159 - Logger - info - 65 : listening on 1876
INFO root - 2018-02-06 16:25:58,176 - Logger - info - 65 : listening on 1877
INFO root - 2018-02-06 16:25:58,204 - Logger - info - 65 : listening on 1878
INFO root - 2018-02-06 16:25:58,220 - Logger - info - 65 : listening on 1879
INFO root - 2018-02-06 16:25:58,238 - Logger - info - 65 : listening on 1880
INFO root - 2018-02-06 16:25:58,252 - Logger - info - 65 : listening on 1881
INFO root - 2018-02-06 16:25:58,272 - Logger - info - 65 : listening on 1882
INFO root - 2018-02-06 16:25:58,296 - Logger - info - 65 : listening on 1883
INFO root - 2018-02-06 16:25:58,313 - Logger - info - 65 : listening on 1884
INFO root - 2018-02-06 16:25:58,328 - Logger - info - 65 : listening on 1885
INFO root - 2018-02-06 16:25:58,346 - Logger - info - 65 : listening on 1886
INFO root - 2018-02-06 16:25:58,364 - Logger - info - 65 : listening on 1887
INFO root - 2018-02-06 16:25:58,382 - Logger - info - 65 : listening on 1888
INFO root - 2018-02-06 16:25:58,402 - Logger - info - 65 : listening on 1889
INFO root - 2018-02-06 16:25:58,419 - Logger - info - 65 : listening on 1890
INFO root - 2018-02-06 16:25:58,438 - Logger - info - 65 : listening on 1891
INFO root - 2018-02-06 16:25:58,453 - Logger - info - 65 : listening on 1892
INFO root - 2018-02-06 16:25:58,471 - Logger - info - 65 : listening on 1893
INFO root - 2018-02-06 16:25:58,489 - Logger - info - 65 : listening on 1894
INFO root - 2018-02-06 16:25:58,505 - Logger - info - 65 : listening on 1895
INFO root - 2018-02-06 16:25:58,523 - Logger - info - 65 : listening on 1896
INFO root - 2018-02-06 16:25:58,539 - Logger - info - 65 : listening on 1897
INFO root - 2018-02-06 16:25:58,560 - Logger - info - 65 : listening on 1898
INFO root - 2018-02-06 16:25:58,571 - Logger - info - 65 : listening on 1899
INFO root - 2018-02-06 16:25:58,592 - Logger - info - 65 : listening on 1900
INFO root - 2018-02-06 16:25:58,611 - Logger - info - 65 : listening on 1901
INFO root - 2018-02-06 16:25:58,629 - Logger - info - 65 : listening on 1902
INFO root - 2018-02-06 16:25:58,647 - Logger - info - 65 : listening on 1903
INFO root - 2018-02-06 16:25:58,678 - Logger - info - 65 : listening on 1904
INFO root - 2018-02-06 16:25:58,697 - Logger - info - 65 : listening on 1905
INFO root - 2018-02-06 16:25:58,718 - Logger - info - 65 : listening on 1906
INFO root - 2018-02-06 16:25:58,733 - Logger - info - 65 : listening on 1907
INFO root - 2018-02-06 16:25:58,754 - Logger - info - 65 : listening on 1908
INFO root - 2018-02-06 16:25:58,765 - Logger - info - 65 : listening on 1909
INFO root - 2018-02-06 16:25:58,790 - Logger - info - 65 : listening on 1910
INFO root - 2018-02-06 16:25:58,806 - Logger - info - 65 : listening on 1911
INFO root - 2018-02-06 16:25:58,829 - Logger - info - 65 : listening on 1912
INFO root - 2018-02-06 16:25:58,848 - Logger - info - 65 : listening on 1913
INFO root - 2018-02-06 16:25:58,866 - Logger - info - 65 : listening on 1914
INFO root - 2018-02-06 16:25:58,883 - Logger - info - 65 : listening on 1915
INFO root - 2018-02-06 16:25:58,900 - Logger - info - 65 : listening on 1916
INFO root - 2018-02-06 16:25:58,919 - Logger - info - 65 : listening on 1917
INFO root - 2018-02-06 16:25:58,943 - Logger - info - 65 : listening on 1918
INFO root - 2018-02-06 16:25:58,961 - Logger - info - 65 : listening on 1919
INFO root - 2018-02-06 16:25:58,976 - Logger - info - 65 : listening on 1920
INFO root - 2018-02-06 16:25:58,992 - Logger - info - 65 : listening on 1921
INFO root - 2018-02-06 16:25:59,007 - Logger - info - 65 : listening on 1922
INFO root - 2018-02-06 16:25:59,027 - Logger - info - 65 : listening on 1923
INFO root - 2018-02-06 16:25:59,043 - Logger - info - 65 : listening on 1924
INFO root - 2018-02-06 16:25:59,060 - Logger - info - 65 : listening on 1925
INFO root - 2018-02-06 16:25:59,076 - Logger - info - 65 : listening on 1926
INFO root - 2018-02-06 16:25:59,093 - Logger - info - 65 : listening on 1927
INFO root - 2018-02-06 16:25:59,111 - Logger - info - 65 : listening on 1928
INFO root - 2018-02-06 16:25:59,128 - Logger - info - 65 : listening on 1929
INFO root - 2018-02-06 16:25:59,150 - Logger - info - 65 : listening on 1930
INFO root - 2018-02-06 16:25:59,167 - Logger - info - 65 : listening on 1931
INFO root - 2018-02-06 16:25:59,190 - Logger - info - 65 : listening on 1932
INFO root - 2018-02-06 16:25:59,211 - Logger - info - 65 : listening on 1933
INFO root - 2018-02-06 16:25:59,228 - Logger - info - 65 : listening on 1934
INFO root - 2018-02-06 16:25:59,243 - Logger - info - 65 : listening on 1935
INFO root - 2018-02-06 16:25:59,264 - Logger - info - 65 : listening on 1936
INFO root - 2018-02-06 16:25:59,284 - Logger - info - 65 : listening on 1937
INFO root - 2018-02-06 16:25:59,309 - Logger - info - 65 : listening on 1938
INFO root - 2018-02-06 16:25:59,320 - Logger - info - 65 : listening on 1939
INFO root - 2018-02-06 16:25:59,346 - Logger - info - 65 : listening on 1940
INFO root - 2018-02-06 16:25:59,365 - Logger - info - 65 : listening on 1941
INFO root - 2018-02-06 16:25:59,381 - Logger - info - 65 : listening on 1942
INFO root - 2018-02-06 16:25:59,401 - Logger - info - 65 : listening on 1943
INFO root - 2018-02-06 16:25:59,417 - Logger - info - 65 : listening on 1944
INFO root - 2018-02-06 16:25:59,436 - Logger - info - 65 : listening on 1945
INFO root - 2018-02-06 16:25:59,451 - Logger - info - 65 : listening on 1946
INFO root - 2018-02-06 16:25:59,469 - Logger - info - 65 : listening on 1947
INFO root - 2018-02-06 16:25:59,493 - Logger - info - 65 : listening on 1948
INFO root - 2018-02-06 16:25:59,511 - Logger - info - 65 : listening on 1949
INFO root - 2018-02-06 16:25:59,527 - Logger - info - 65 : listening on 1950
INFO root - 2018-02-06 16:25:59,545 - Logger - info - 65 : listening on 1951
INFO root - 2018-02-06 16:25:59,560 - Logger - info - 65 : listening on 1952
INFO root - 2018-02-06 16:25:59,578 - Logger - info - 65 : listening on 1953
INFO root - 2018-02-06 16:25:59,589 - Logger - info - 65 : listening on 1954
INFO root - 2018-02-06 16:25:59,617 - Logger - info - 65 : listening on 1955
INFO root - 2018-02-06 16:25:59,634 - Logger - info - 65 : listening on 1956
INFO root - 2018-02-06 16:25:59,649 - Logger - info - 65 : listening on 1957
INFO root - 2018-02-06 16:25:59,668 - Logger - info - 65 : listening on 1958
INFO root - 2018-02-06 16:25:59,686 - Logger - info - 65 : listening on 1959
INFO root - 2018-02-06 16:25:59,712 - Logger - info - 65 : listening on 1960
INFO root - 2018-02-06 16:25:59,729 - Logger - info - 65 : listening on 1961
INFO root - 2018-02-06 16:25:59,749 - Logger - info - 65 : listening on 1962
INFO root - 2018-02-06 16:25:59,766 - Logger - info - 65 : listening on 1963
INFO root - 2018-02-06 16:25:59,778 - Logger - info - 65 : listening on 1964
INFO root - 2018-02-06 16:25:59,803 - Logger - info - 65 : listening on 1965
INFO root - 2018-02-06 16:25:59,820 - Logger - info - 65 : listening on 1966
INFO root - 2018-02-06 16:25:59,835 - Logger - info - 65 : listening on 1967
INFO root - 2018-02-06 16:25:59,855 - Logger - info - 65 : listening on 1968
INFO root - 2018-02-06 16:25:59,872 - Logger - info - 65 : listening on 1969
INFO root - 2018-02-06 16:25:59,889 - Logger - info - 65 : listening on 1970
INFO root - 2018-02-06 16:25:59,906 - Logger - info - 65 : listening on 1971
INFO root - 2018-02-06 16:25:59,920 - Logger - info - 65 : listening on 1972
INFO root - 2018-02-06 16:25:59,949 - Logger - info - 65 : listening on 1973
INFO root - 2018-02-06 16:25:59,965 - Logger - info - 65 : listening on 1974
INFO root - 2018-02-06 16:25:59,982 - Logger - info - 65 : listening on 1975
INFO root - 2018-02-06 16:26:00,000 - Logger - info - 65 : listening on 1976
INFO root - 2018-02-06 16:26:00,038 - Logger - info - 65 : listening on 1977
INFO root - 2018-02-06 16:26:00,067 - Logger - info - 65 : listening on 1978
INFO root - 2018-02-06 16:26:00,090 - Logger - info - 65 : listening on 1979
INFO root - 2018-02-06 16:26:00,110 - Logger - info - 65 : listening on 1980
INFO root - 2018-02-06 16:26:00,129 - Logger - info - 65 : listening on 1981
INFO root - 2018-02-06 16:26:00,152 - Logger - info - 65 : listening on 1982
INFO root - 2018-02-06 16:26:00,175 - Logger - info - 65 : listening on 1983
INFO root - 2018-02-06 16:26:00,187 - Logger - info - 65 : listening on 1984
INFO root - 2018-02-06 16:26:00,225 - Logger - info - 65 : listening on 1985
INFO root - 2018-02-06 16:26:00,260 - Logger - info - 65 : listening on 1986
INFO root - 2018-02-06 16:26:00,286 - Logger - info - 65 : listening on 1987
INFO root - 2018-02-06 16:26:00,310 - Logger - info - 65 : listening on 1988
INFO root - 2018-02-06 16:26:00,330 - Logger - info - 65 : listening on 1989
INFO root - 2018-02-06 16:26:00,352 - Logger - info - 65 : listening on 1990
INFO root - 2018-02-06 16:26:00,372 - Logger - info - 65 : listening on 1991
INFO root - 2018-02-06 16:26:00,390 - Logger - info - 65 : listening on 1992
INFO root - 2018-02-06 16:26:00,411 - Logger - info - 65 : listening on 1993
INFO root - 2018-02-06 16:26:00,429 - Logger - info - 65 : listening on 1994
INFO root - 2018-02-06 16:26:00,439 - Logger - info - 65 : listening on 1995
INFO root - 2018-02-06 16:26:00,475 - Logger - info - 65 : listening on 1996
INFO root - 2018-02-06 16:26:00,493 - Logger - info - 65 : listening on 1997
INFO root - 2018-02-06 16:26:00,517 - Logger - info - 65 : listening on 1998
INFO root - 2018-02-06 16:26:00,555 - Logger - info - 65 : listening on 1999
INFO root - 2018-02-06 16:27:08,641 - Logger - info - 65 : accpted  <socket.socket fd=3016, family=AddressFamily.AF_INET, type=SocketKind.SOCK_STREAM, proto=0, laddr=('127.0.0.1', 1999), raddr=('127.0.0.1', 49306)> from ('127.0.0.1', 49306)
